<?xml version="1.0" encoding="UTF-8"?>
<testsuite name="FundooPushTest" tests="1" skipped="0" failures="0" errors="0" timestamp="2019-12-30T10:19:15" hostname="FH400" time="3.66">
  <properties/>
  <testcase name="givenToken_WhenLogoutFromSystem_ShouldReturnTrueAndSuccesMessage" classname="FundooPushTest" time="3.66"/>
  <system-out><![CDATA[{
    "status": true,
    "message": "Logged out successfully from the system"
}
]]></system-out>
  <system-err><![CDATA[]]></system-err>
</testsuite>
